<?xml version="1.0" encoding="UTF-8"?>
<!-- Generated by org.testng.reporters.JUnitXMLReporter -->
<testsuite ignored="0" hostname="DESKTOP-QJRQ0C9" failures="0" tests="2" name="Default test" time="19.09" errors="0" timestamp="2022-09-28T13:07:43 IST">
  <testcase classname="BasicAnnotation.ParallelTestWithMultiThread" name="testOnChromeWithBrowserStackSignUp" time="16.063"/>
  <testcase classname="BasicAnnotation.ParallelTestWithMultiThread" name="testOnChromeWithBrowserStackUrl" time="2.995"/>
</testsuite> <!-- Default test -->
