<?xml version="1.0" encoding="UTF-8"?>
<testng-results ignored="0" total="2" passed="2" failed="0" skipped="0">
  <reporter-output>
  </reporter-output>
  <suite started-at="2022-09-28T13:07:24 IST" name="Default suite" finished-at="2022-09-28T13:07:43 IST" duration-ms="19090">
    <groups>
    </groups>
    <test started-at="2022-09-28T13:07:24 IST" name="Default test" finished-at="2022-09-28T13:07:43 IST" duration-ms="19090">
      <class name="BasicAnnotation.ParallelTestWithMultiThread">
        <test-method signature="testOnChromeWithBrowserStackSignUp()[pri:0, instance:BasicAnnotation.ParallelTestWithMultiThread@25fb8912]" started-at="2022-09-28T13:07:24 IST" name="testOnChromeWithBrowserStackSignUp" finished-at="2022-09-28T13:07:40 IST" duration-ms="16063" status="PASS">
          <reporter-output>
          </reporter-output>
        </test-method> <!-- testOnChromeWithBrowserStackSignUp -->
        <test-method signature="testOnChromeWithBrowserStackUrl()[pri:0, instance:BasicAnnotation.ParallelTestWithMultiThread@25fb8912]" started-at="2022-09-28T13:07:40 IST" name="testOnChromeWithBrowserStackUrl" finished-at="2022-09-28T13:07:43 IST" duration-ms="2995" status="PASS">
          <reporter-output>
          </reporter-output>
        </test-method> <!-- testOnChromeWithBrowserStackUrl -->
        <test-method is-config="true" signature="close()[pri:0, instance:BasicAnnotation.ParallelTestWithMultiThread@25fb8912]" started-at="2022-09-28T13:07:43 IST" name="close" finished-at="2022-09-28T13:07:43 IST" duration-ms="1" status="PASS">
          <reporter-output>
          </reporter-output>
        </test-method> <!-- close -->
      </class> <!-- BasicAnnotation.ParallelTestWithMultiThread -->
    </test> <!-- Default test -->
  </suite> <!-- Default suite -->
</testng-results>
